<?xml version="1.0" encoding="UTF-8"?>
<testng-results ignored="0" total="3" passed="1" failed="2" skipped="0">
  <reporter-output>
  </reporter-output>
  <suite started-at="2025-02-08T16:55:55 IST" name="Default suite" finished-at="2025-02-08T16:56:30 IST" duration-ms="34436">
    <groups>
      <group name="ProductOrder">
        <method signature="Standalone.productOrder(java.util.HashMap)[pri:0, instance:tests.Standalone@59474f18]" name="productOrder" class="tests.Standalone"/>
      </group> <!-- ProductOrder -->
    </groups>
    <test started-at="2025-02-08T16:55:55 IST" name="Default test" finished-at="2025-02-08T16:56:30 IST" duration-ms="34436">
      <class name="tests.Standalone">
        <test-method is-config="true" signature="launchAppln()[pri:0, instance:tests.Standalone@59474f18]" started-at="2025-02-08T16:55:56 IST" name="launchAppln" finished-at="2025-02-08T16:56:01 IST" duration-ms="5564" status="PASS">
          <reporter-output>
          </reporter-output>
        </test-method> <!-- launchAppln -->
        <test-method signature="productOrder(java.util.HashMap)[pri:0, instance:tests.Standalone@59474f18]" started-at="2025-02-08T16:56:01 IST" name="productOrder" data-provider="getData" finished-at="2025-02-08T16:56:03 IST" duration-ms="1592" status="FAIL">
          <params>
            <param index="0">
              <value>
                <![CDATA[{productname=IPHONE 13 PRO, password=Sowmya@123, email=sowmya64@gmail.com}]]>
              </value>
            </param>
          </params>
          <exception class="java.lang.NullPointerException">
            <message>
              <![CDATA[Cannot invoke "org.openqa.selenium.WebElement.findElement(org.openqa.selenium.By)" because "this.filteredproduct" is null]]>
            </message>
            <full-stacktrace>
              <![CDATA[java.lang.NullPointerException: Cannot invoke "org.openqa.selenium.WebElement.findElement(org.openqa.selenium.By)" because "this.filteredproduct" is null
at pageobjects.SelectProductPage.addToCart(SelectProductPage.java:47)
at tests.Standalone.productOrder(Standalone.java:26)
at java.base/jdk.internal.reflect.DirectMethodHandleAccessor.invoke(DirectMethodHandleAccessor.java:103)
at java.base/java.lang.reflect.Method.invoke(Method.java:580)
at org.testng.internal.MethodInvocationHelper.invokeMethod(MethodInvocationHelper.java:133)
at org.testng.internal.TestInvoker.invokeMethod(TestInvoker.java:598)
at org.testng.internal.TestInvoker.invokeTestMethod(TestInvoker.java:173)
at org.testng.internal.MethodRunner.runInSequence(MethodRunner.java:46)
at org.testng.internal.TestInvoker$MethodInvocationAgent.invoke(TestInvoker.java:824)
at org.testng.internal.TestInvoker.invokeTestMethods(TestInvoker.java:146)
at org.testng.internal.TestMethodWorker.invokeTestMethods(TestMethodWorker.java:146)
at org.testng.internal.TestMethodWorker.run(TestMethodWorker.java:128)
at java.base/java.util.ArrayList.forEach(ArrayList.java:1597)
at org.testng.TestRunner.privateRun(TestRunner.java:794)
at org.testng.TestRunner.run(TestRunner.java:596)
at org.testng.SuiteRunner.runTest(SuiteRunner.java:377)
at org.testng.SuiteRunner.runSequentially(SuiteRunner.java:371)
at org.testng.SuiteRunner.privateRun(SuiteRunner.java:332)
at org.testng.SuiteRunner.run(SuiteRunner.java:276)
at org.testng.SuiteRunnerWorker.runSuite(SuiteRunnerWorker.java:53)
at org.testng.SuiteRunnerWorker.run(SuiteRunnerWorker.java:96)
at org.testng.TestNG.runSuitesSequentially(TestNG.java:1212)
at org.testng.TestNG.runSuitesLocally(TestNG.java:1134)
at org.testng.TestNG.runSuites(TestNG.java:1063)
at org.testng.TestNG.run(TestNG.java:1031)
at org.testng.remote.AbstractRemoteTestNG.run(AbstractRemoteTestNG.java:115)
at org.testng.remote.RemoteTestNG.initAndRun(RemoteTestNG.java:293)
at org.testng.remote.RemoteTestNG.main(RemoteTestNG.java:91)
]]>
            </full-stacktrace>
          </exception> <!-- java.lang.NullPointerException -->
          <reporter-output>
          </reporter-output>
        </test-method> <!-- productOrder -->
        <test-method is-config="true" signature="closeAppln()[pri:0, instance:tests.Standalone@59474f18]" started-at="2025-02-08T16:56:03 IST" name="closeAppln" finished-at="2025-02-08T16:56:04 IST" duration-ms="456" status="PASS">
          <reporter-output>
          </reporter-output>
        </test-method> <!-- closeAppln -->
        <test-method is-config="true" signature="launchAppln()[pri:0, instance:tests.Standalone@59474f18]" started-at="2025-02-08T16:56:04 IST" name="launchAppln" finished-at="2025-02-08T16:56:06 IST" duration-ms="2884" status="PASS">
          <reporter-output>
          </reporter-output>
        </test-method> <!-- launchAppln -->
        <test-method signature="productOrder(java.util.HashMap)[pri:0, instance:tests.Standalone@59474f18]" started-at="2025-02-08T16:56:06 IST" name="productOrder" data-provider="getData" finished-at="2025-02-08T16:56:08 IST" duration-ms="1600" status="FAIL">
          <params>
            <param index="0">
              <value>
                <![CDATA[{productname=IPHONE 13 PRO, password=Sowmya@123, email=sowmya64@gmail.com}]]>
              </value>
            </param>
          </params>
          <exception class="java.lang.NullPointerException">
            <message>
              <![CDATA[Cannot invoke "org.openqa.selenium.WebElement.findElement(org.openqa.selenium.By)" because "this.filteredproduct" is null]]>
            </message>
            <full-stacktrace>
              <![CDATA[java.lang.NullPointerException: Cannot invoke "org.openqa.selenium.WebElement.findElement(org.openqa.selenium.By)" because "this.filteredproduct" is null
at pageobjects.SelectProductPage.addToCart(SelectProductPage.java:47)
at tests.Standalone.productOrder(Standalone.java:26)
at java.base/jdk.internal.reflect.DirectMethodHandleAccessor.invoke(DirectMethodHandleAccessor.java:103)
at java.base/java.lang.reflect.Method.invoke(Method.java:580)
at org.testng.internal.MethodInvocationHelper.invokeMethod(MethodInvocationHelper.java:133)
at org.testng.internal.TestInvoker.invokeMethod(TestInvoker.java:598)
at org.testng.internal.TestInvoker.invokeTestMethod(TestInvoker.java:173)
at org.testng.internal.MethodRunner.runInSequence(MethodRunner.java:46)
at org.testng.internal.TestInvoker$MethodInvocationAgent.invoke(TestInvoker.java:824)
at org.testng.internal.TestInvoker.invokeTestMethods(TestInvoker.java:146)
at org.testng.internal.TestMethodWorker.invokeTestMethods(TestMethodWorker.java:146)
at org.testng.internal.TestMethodWorker.run(TestMethodWorker.java:128)
at java.base/java.util.ArrayList.forEach(ArrayList.java:1597)
at org.testng.TestRunner.privateRun(TestRunner.java:794)
at org.testng.TestRunner.run(TestRunner.java:596)
at org.testng.SuiteRunner.runTest(SuiteRunner.java:377)
at org.testng.SuiteRunner.runSequentially(SuiteRunner.java:371)
at org.testng.SuiteRunner.privateRun(SuiteRunner.java:332)
at org.testng.SuiteRunner.run(SuiteRunner.java:276)
at org.testng.SuiteRunnerWorker.runSuite(SuiteRunnerWorker.java:53)
at org.testng.SuiteRunnerWorker.run(SuiteRunnerWorker.java:96)
at org.testng.TestNG.runSuitesSequentially(TestNG.java:1212)
at org.testng.TestNG.runSuitesLocally(TestNG.java:1134)
at org.testng.TestNG.runSuites(TestNG.java:1063)
at org.testng.TestNG.run(TestNG.java:1031)
at org.testng.remote.AbstractRemoteTestNG.run(AbstractRemoteTestNG.java:115)
at org.testng.remote.RemoteTestNG.initAndRun(RemoteTestNG.java:293)
at org.testng.remote.RemoteTestNG.main(RemoteTestNG.java:91)
]]>
            </full-stacktrace>
          </exception> <!-- java.lang.NullPointerException -->
          <reporter-output>
          </reporter-output>
        </test-method> <!-- productOrder -->
        <test-method is-config="true" signature="closeAppln()[pri:0, instance:tests.Standalone@59474f18]" started-at="2025-02-08T16:56:08 IST" name="closeAppln" finished-at="2025-02-08T16:56:08 IST" duration-ms="290" status="PASS">
          <reporter-output>
          </reporter-output>
        </test-method> <!-- closeAppln -->
        <test-method is-config="true" signature="launchAppln()[pri:0, instance:tests.Standalone@59474f18]" started-at="2025-02-08T16:56:08 IST" name="launchAppln" finished-at="2025-02-08T16:56:14 IST" duration-ms="5320" status="PASS">
          <reporter-output>
          </reporter-output>
        </test-method> <!-- launchAppln -->
        <test-method signature="productOrder(java.util.HashMap)[pri:0, instance:tests.Standalone@59474f18]" started-at="2025-02-08T16:56:14 IST" name="productOrder" data-provider="getData" finished-at="2025-02-08T16:56:30 IST" duration-ms="15998" status="PASS">
          <params>
            <param index="0">
              <value>
                <![CDATA[{productname=QWERTY, password=Sowmya@123, email=sowmya64@gmail.com}]]>
              </value>
            </param>
          </params>
          <reporter-output>
          </reporter-output>
        </test-method> <!-- productOrder -->
        <test-method is-config="true" signature="closeAppln()[pri:0, instance:tests.Standalone@59474f18]" started-at="2025-02-08T16:56:30 IST" name="closeAppln" finished-at="2025-02-08T16:56:30 IST" duration-ms="283" status="PASS">
          <reporter-output>
          </reporter-output>
        </test-method> <!-- closeAppln -->
      </class> <!-- tests.Standalone -->
    </test> <!-- Default test -->
  </suite> <!-- Default suite -->
</testng-results>
